99.06.03 02:30 B C:\HomePage\MiSSyL\images\atuc.gif --> www.mems.uc.edu /export/local/www/apache_1.3.6/htdocs/missyl/images atuc.gif
99.06.03 02:30 B C:\HomePage\MiSSyL\images\bar-eSoHocomSites.gif --> www.mems.uc.edu /export/local/www/apache_1.3.6/htdocs/missyl/images bar-eSoHocomSites.gif
99.06.03 02:30 B C:\HomePage\MiSSyL\images\bar-MiSSyLSites.gif --> www.mems.uc.edu /export/local/www/apache_1.3.6/htdocs/missyl/images bar-MiSSyLSites.gif
99.06.03 02:30 B C:\HomePage\MiSSyL\images\bar-whatsnew.gif --> www.mems.uc.edu /export/local/www/apache_1.3.6/htdocs/missyl/images bar-whatsnew.gif
99.06.03 02:30 B C:\HomePage\MiSSyL\images\bar-whatsnew2.gif --> www.mems.uc.edu /export/local/www/apache_1.3.6/htdocs/missyl/images bar-whatsnew2.gif
99.06.03 02:30 B C:\HomePage\MiSSyL\images\blank.gif --> www.mems.uc.edu /export/local/www/apache_1.3.6/htdocs/missyl/images blank.gif
99.06.03 02:30 B C:\HomePage\MiSSyL\images\cellcolor.gif --> www.mems.uc.edu /export/local/www/apache_1.3.6/htdocs/missyl/images cellcolor.gif
99.06.03 02:30 B C:\HomePage\MiSSyL\images\cmsmmems.gif --> www.mems.uc.edu /export/local/www/apache_1.3.6/htdocs/missyl/images cmsmmems.gif
99.06.03 02:30 B C:\HomePage\MiSSyL\images\forlinkexcahnge468x60.gif --> www.mems.uc.edu /export/local/www/apache_1.3.6/htdocs/missyl/images forlinkexcahnge468x60.gif
99.06.03 02:30 B C:\HomePage\MiSSyL\images\hline400x3.gif --> www.mems.uc.edu /export/local/www/apache_1.3.6/htdocs/missyl/images hline400x3.gif
99.06.03 02:30 B C:\HomePage\MiSSyL\images\index.html --> www.mems.uc.edu /export/local/www/apache_1.3.6/htdocs/missyl/images index.html
99.06.03 02:30 B C:\HomePage\MiSSyL\images\index2.html --> www.mems.uc.edu /export/local/www/apache_1.3.6/htdocs/missyl/images index2.html
99.06.03 02:30 B C:\HomePage\MiSSyL\images\mf_call.gif --> www.mems.uc.edu /export/local/www/apache_1.3.6/htdocs/missyl/images mf_call.gif
99.06.03 02:30 B C:\HomePage\MiSSyL\images\MiSSyL.gif --> www.mems.uc.edu /export/local/www/apache_1.3.6/htdocs/missyl/images MiSSyL.gif
99.06.03 02:30 B C:\HomePage\MiSSyL\images\search.gif --> www.mems.uc.edu /export/local/www/apache_1.3.6/htdocs/missyl/images search.gif
99.06.03 02:30 B C:\HomePage\MiSSyL\images\tab.gif --> www.mems.uc.edu /export/local/www/apache_1.3.6/htdocs/missyl/images tab.gif
99.06.03 23:02 B C:\HomePage\MiSSyL\images\atuc.gif --> www.mems.uc.edu /export/home3/cahn/public_html/images atuc.gif
99.06.03 23:02 B C:\HomePage\MiSSyL\images\bar-eSoHocomSites.gif --> www.mems.uc.edu /export/home3/cahn/public_html/images bar-eSoHocomSites.gif
99.06.03 23:02 B C:\HomePage\MiSSyL\images\bar-MiSSyLSites.gif --> www.mems.uc.edu /export/home3/cahn/public_html/images bar-MiSSyLSites.gif
99.06.03 23:02 B C:\HomePage\MiSSyL\images\bar-whatsnew.gif --> www.mems.uc.edu /export/home3/cahn/public_html/images bar-whatsnew.gif
99.06.03 23:02 B C:\HomePage\MiSSyL\images\bar-whatsnew2.gif --> www.mems.uc.edu /export/home3/cahn/public_html/images bar-whatsnew2.gif
99.06.03 23:02 B C:\HomePage\MiSSyL\images\blank.gif --> www.mems.uc.edu /export/home3/cahn/public_html/images blank.gif
99.06.03 23:02 B C:\HomePage\MiSSyL\images\cellcolor.gif --> www.mems.uc.edu /export/home3/cahn/public_html/images cellcolor.gif
99.06.03 23:02 B C:\HomePage\MiSSyL\images\cmsmmems.gif --> www.mems.uc.edu /export/home3/cahn/public_html/images cmsmmems.gif
99.06.03 23:02 B C:\HomePage\MiSSyL\images\dapa_scheme.gif --> www.mems.uc.edu /export/home3/cahn/public_html/images dapa_scheme.gif
99.06.03 23:02 B C:\HomePage\MiSSyL\images\forlinkexcahnge468x60.gif --> www.mems.uc.edu /export/home3/cahn/public_html/images forlinkexcahnge468x60.gif
99.06.03 23:02 B C:\HomePage\MiSSyL\images\hline400x3.gif --> www.mems.uc.edu /export/home3/cahn/public_html/images hline400x3.gif
99.06.03 23:02 B C:\HomePage\MiSSyL\images\index.html --> www.mems.uc.edu /export/home3/cahn/public_html/images index.html
99.06.03 23:02 B C:\HomePage\MiSSyL\images\index2.html --> www.mems.uc.edu /export/home3/cahn/public_html/images index2.html
99.06.03 23:02 B C:\HomePage\MiSSyL\images\memsatuc468x60.gif --> www.mems.uc.edu /export/home3/cahn/public_html/images memsatuc468x60.gif
99.06.03 23:02 B C:\HomePage\MiSSyL\images\mf_call.gif --> www.mems.uc.edu /export/home3/cahn/public_html/images mf_call.gif
99.06.03 23:02 B C:\HomePage\MiSSyL\images\MiSSyL.gif --> www.mems.uc.edu /export/home3/cahn/public_html/images MiSSyL.gif
99.06.03 23:02 B C:\HomePage\MiSSyL\images\msms.psd --> www.mems.uc.edu /export/home3/cahn/public_html/images msms.psd
99.06.03 23:02 B C:\HomePage\MiSSyL\images\s-microvalve.gif --> www.mems.uc.edu /export/home3/cahn/public_html/images s-microvalve.gif
99.06.03 23:02 B C:\HomePage\MiSSyL\images\s-motherboard.gif --> www.mems.uc.edu /export/home3/cahn/public_html/images s-motherboard.gif
99.06.03 23:02 B C:\HomePage\MiSSyL\images\s-system.gif --> www.mems.uc.edu /export/home3/cahn/public_html/images s-system.gif
99.06.03 23:02 B C:\HomePage\MiSSyL\images\search.gif --> www.mems.uc.edu /export/home3/cahn/public_html/images search.gif
99.06.03 23:02 B C:\HomePage\MiSSyL\images\tab.gif --> www.mems.uc.edu /export/home3/cahn/public_html/images tab.gif
99.06.03 23:02 B C:\HomePage\MiSSyL\images\test.gif --> www.mems.uc.edu /export/home3/cahn/public_html/images test.gif
100.04.25 15:15 B C:\htdocs\public_html\images\WS_FTP.LOG <-- cahn@www.mems.uc.edu /export/home3/cahn/public_html/images WS_FTP.LOG
100.04.25 15:15 B C:\htdocs\public_html\images\yasser.gif <-- cahn@www.mems.uc.edu /export/home3/cahn/public_html/images yasser.gif
100.05.02 12:07 B C:\htdocs\public_html\images\ahan.gif --> www.mems.uc.edu /export/home3/cahn/public_html/images ahan.gif
100.05.02 12:07 B C:\htdocs\public_html\images\ahn.gif --> www.mems.uc.edu /export/home3/cahn/public_html/images ahn.gif
100.05.02 12:07 B C:\htdocs\public_html\images\ahn_70.jpg --> www.mems.uc.edu /export/home3/cahn/public_html/images ahn_70.jpg
100.05.02 12:07 B C:\htdocs\public_html\images\atuc.gif --> www.mems.uc.edu /export/home3/cahn/public_html/images atuc.gif
100.05.02 12:07 B C:\htdocs\public_html\images\banner-callforpapers.gif --> www.mems.uc.edu /export/home3/cahn/public_html/images banner-callforpapers.gif
100.05.02 12:07 B C:\htdocs\public_html\images\banner-links.gif --> www.mems.uc.edu /export/home3/cahn/public_html/images banner-links.gif
100.05.02 12:07 B C:\htdocs\public_html\images\banner-memsatuc1.gif --> www.mems.uc.edu /export/home3/cahn/public_html/images banner-memsatuc1.gif
100.05.02 12:07 B C:\htdocs\public_html\images\banner-memsatuc2.gif --> www.mems.uc.edu /export/home3/cahn/public_html/images banner-memsatuc2.gif
100.05.02 12:07 B C:\htdocs\public_html\images\banner-MEMSearch.gif --> www.mems.uc.edu /export/home3/cahn/public_html/images banner-MEMSearch.gif
100.05.02 12:07 B C:\htdocs\public_html\images\banner-people.gif --> www.mems.uc.edu /export/home3/cahn/public_html/images banner-people.gif
100.05.02 12:07 B C:\htdocs\public_html\images\banner-publications.gif --> www.mems.uc.edu /export/home3/cahn/public_html/images banner-publications.gif
100.05.02 12:07 B C:\htdocs\public_html\images\banner-research.gif --> www.mems.uc.edu /export/home3/cahn/public_html/images banner-research.gif
100.05.02 12:07 B C:\htdocs\public_html\images\banner-searchresults.gif --> www.mems.uc.edu /export/home3/cahn/public_html/images banner-searchresults.gif
100.05.02 12:07 B C:\htdocs\public_html\images\banner-sponsors.gif --> www.mems.uc.edu /export/home3/cahn/public_html/images banner-sponsors.gif
100.05.02 12:07 B C:\htdocs\public_html\images\bar-eSoHocomSites.gif --> www.mems.uc.edu /export/home3/cahn/public_html/images bar-eSoHocomSites.gif
100.05.02 12:07 B C:\htdocs\public_html\images\bar-MEMSatUCSites.gif --> www.mems.uc.edu /export/home3/cahn/public_html/images bar-MEMSatUCSites.gif
100.05.02 12:07 B C:\htdocs\public_html\images\bar-MEMSatUCSites24.gif --> www.mems.uc.edu /export/home3/cahn/public_html/images bar-MEMSatUCSites24.gif
100.05.02 12:07 B C:\htdocs\public_html\images\bar-MiSSyLSites.gif --> www.mems.uc.edu /export/home3/cahn/public_html/images bar-MiSSyLSites.gif
100.05.02 12:07 B C:\htdocs\public_html\images\bar-whatsnew.gif --> www.mems.uc.edu /export/home3/cahn/public_html/images bar-whatsnew.gif
100.05.02 12:07 B C:\htdocs\public_html\images\bar-whatsnew2.gif --> www.mems.uc.edu /export/home3/cahn/public_html/images bar-whatsnew2.gif
100.05.02 12:07 B C:\htdocs\public_html\images\bar-whatsnew3.gif --> www.mems.uc.edu /export/home3/cahn/public_html/images bar-whatsnew3.gif
100.05.02 12:07 B C:\htdocs\public_html\images\bi_directional.jpg --> www.mems.uc.edu /export/home3/cahn/public_html/images bi_directional.jpg
100.05.02 12:07 B C:\htdocs\public_html\images\blank.gif --> www.mems.uc.edu /export/home3/cahn/public_html/images blank.gif
100.05.02 12:07 B C:\htdocs\public_html\images\cellcolor.gif --> www.mems.uc.edu /export/home3/cahn/public_html/images cellcolor.gif
100.05.02 12:07 B C:\htdocs\public_html\images\chos_lab.jpg --> www.mems.uc.edu /export/home3/cahn/public_html/images chos_lab.jpg
100.05.02 12:07 B C:\htdocs\public_html\images\cmsmmems.gif --> www.mems.uc.edu /export/home3/cahn/public_html/images cmsmmems.gif
100.05.02 12:07 B C:\htdocs\public_html\images\cover_t.gif --> www.mems.uc.edu /export/home3/cahn/public_html/images cover_t.gif
100.05.02 12:08 B C:\htdocs\public_html\images\dan_face.jpg --> www.mems.uc.edu /export/home3/cahn/public_html/images dan_face.jpg
100.05.02 12:08 B C:\htdocs\public_html\images\dapa_scheme.gif --> www.mems.uc.edu /export/home3/cahn/public_html/images dapa_scheme.gif
100.05.02 12:08 B C:\htdocs\public_html\images\dot_paper.gif --> www.mems.uc.edu /export/home3/cahn/public_html/images dot_paper.gif
100.05.02 12:08 B C:\htdocs\public_html\images\dot_slide_1.gif --> www.mems.uc.edu /export/home3/cahn/public_html/images dot_slide_1.gif
100.05.02 12:08 B C:\htdocs\public_html\images\dot_slide_2.gif --> www.mems.uc.edu /export/home3/cahn/public_html/images dot_slide_2.gif
100.05.02 12:08 B C:\htdocs\public_html\images\forlinkexcahnge468x60.gif --> www.mems.uc.edu /export/home3/cahn/public_html/images forlinkexcahnge468x60.gif
100.05.02 12:08 B C:\htdocs\public_html\images\hcho.gif --> www.mems.uc.edu /export/home3/cahn/public_html/images hcho.gif
100.05.02 12:08 B C:\htdocs\public_html\images\hline400x3.gif --> www.mems.uc.edu /export/home3/cahn/public_html/images hline400x3.gif
100.05.02 12:08 B C:\htdocs\public_html\images\index.html --> www.mems.uc.edu /export/home3/cahn/public_html/images index.html
100.05.02 12:08 B C:\htdocs\public_html\images\index2.html --> www.mems.uc.edu /export/home3/cahn/public_html/images index2.html
100.05.02 12:08 B C:\htdocs\public_html\images\itshcho.jpg --> www.mems.uc.edu /export/home3/cahn/public_html/images itshcho.jpg
100.05.02 12:08 B C:\htdocs\public_html\images\job.gif --> www.mems.uc.edu /export/home3/cahn/public_html/images job.gif
100.05.02 12:08 B C:\htdocs\public_html\images\kwangoh.gif --> www.mems.uc.edu /export/home3/cahn/public_html/images kwangoh.gif
100.05.02 12:08 B C:\htdocs\public_html\images\magnet_arrays.jpg --> www.mems.uc.edu /export/home3/cahn/public_html/images magnet_arrays.jpg
100.05.02 12:08 B C:\htdocs\public_html\images\mainslide.gif --> www.mems.uc.edu /export/home3/cahn/public_html/images mainslide.gif
100.05.02 12:08 B C:\htdocs\public_html\images\memsatuc468x60.gif --> www.mems.uc.edu /export/home3/cahn/public_html/images memsatuc468x60.gif
100.05.02 12:08 B C:\htdocs\public_html\images\mf_call.gif --> www.mems.uc.edu /export/home3/cahn/public_html/images mf_call.gif
100.05.02 12:08 B C:\htdocs\public_html\images\MiSSyL.gif --> www.mems.uc.edu /export/home3/cahn/public_html/images MiSSyL.gif
100.05.02 12:08 B C:\htdocs\public_html\images\msms.psd --> www.mems.uc.edu /export/home3/cahn/public_html/images msms.psd
100.05.02 12:08 B C:\htdocs\public_html\images\Ni_tool.jpg --> www.mems.uc.edu /export/home3/cahn/public_html/images Ni_tool.jpg
100.05.02 12:08 B C:\htdocs\public_html\images\pdficons.gif --> www.mems.uc.edu /export/home3/cahn/public_html/images pdficons.gif
100.05.02 12:08 B C:\htdocs\public_html\images\plastic_embosed.jpg --> www.mems.uc.edu /export/home3/cahn/public_html/images plastic_embosed.jpg
100.05.02 12:08 B C:\htdocs\public_html\images\rand_.gif --> www.mems.uc.edu /export/home3/cahn/public_html/images rand_.gif
100.05.02 12:08 B C:\htdocs\public_html\images\s-conimnp.gif --> www.mems.uc.edu /export/home3/cahn/public_html/images s-conimnp.gif
100.05.02 12:08 B C:\htdocs\public_html\images\s-electromagnet.gif --> www.mems.uc.edu /export/home3/cahn/public_html/images s-electromagnet.gif
100.05.02 12:08 B C:\htdocs\public_html\images\s-microvalve.gif --> www.mems.uc.edu /export/home3/cahn/public_html/images s-microvalve.gif
100.05.02 12:08 B C:\htdocs\public_html\images\s-motherboard.gif --> www.mems.uc.edu /export/home3/cahn/public_html/images s-motherboard.gif
100.05.02 12:08 B C:\htdocs\public_html\images\s-sampling.gif --> www.mems.uc.edu /export/home3/cahn/public_html/images s-sampling.gif
100.05.02 12:08 B C:\htdocs\public_html\images\s-system.gif --> www.mems.uc.edu /export/home3/cahn/public_html/images s-system.gif
100.05.02 12:08 B C:\htdocs\public_html\images\search.gif --> www.mems.uc.edu /export/home3/cahn/public_html/images search.gif
100.05.02 12:08 B C:\htdocs\public_html\images\siyengar.gif --> www.mems.uc.edu /export/home3/cahn/public_html/images siyengar.gif
100.05.02 12:08 B C:\htdocs\public_html\images\slee.jpg --> www.mems.uc.edu /export/home3/cahn/public_html/images slee.jpg
100.05.02 12:08 B C:\htdocs\public_html\images\tab.gif --> www.mems.uc.edu /export/home3/cahn/public_html/images tab.gif
100.05.02 12:08 B C:\htdocs\public_html\images\test.gif --> www.mems.uc.edu /export/home3/cahn/public_html/images test.gif
100.05.02 12:08 B C:\htdocs\public_html\images\tml.gif --> www.mems.uc.edu /export/home3/cahn/public_html/images tml.gif
100.05.02 12:08 B C:\htdocs\public_html\images\underfab.gif --> www.mems.uc.edu /export/home3/cahn/public_html/images underfab.gif
100.05.02 12:08 B C:\htdocs\public_html\images\underfab.jpg --> www.mems.uc.edu /export/home3/cahn/public_html/images underfab.jpg
100.12.22 16:04 B X:\public_html\images\WS_FTP.LOG <-- www.mems.uc.edu /export/home3/cahn/public_html/images WS_FTP.LOG
100.12.22 16:04 B X:\public_html\images\yasser.gif <-- www.mems.uc.edu /export/home3/cahn/public_html/images yasser.gif
100.12.22 16:45 B X:\public_html\images\ahan.gif --> prism.ececs.uc.edu /usr/local/htdocs/images ahan.gif
100.12.22 16:45 B X:\public_html\images\ahn.gif --> prism.ececs.uc.edu /usr/local/htdocs/images ahn.gif
100.12.22 16:45 B X:\public_html\images\ahn_150.jpg --> prism.ececs.uc.edu /usr/local/htdocs/images ahn_150.jpg
100.12.22 16:45 B X:\public_html\images\ahn_70.jpg --> prism.ececs.uc.edu /usr/local/htdocs/images ahn_70.jpg
100.12.22 16:45 B X:\public_html\images\ahn_80.jpg --> prism.ececs.uc.edu /usr/local/htdocs/images ahn_80.jpg
100.12.22 16:45 B X:\public_html\images\atuc.gif --> prism.ececs.uc.edu /usr/local/htdocs/images atuc.gif
100.12.22 16:45 B X:\public_html\images\banner-callforpapers.gif --> prism.ececs.uc.edu /usr/local/htdocs/images banner-callforpapers.gif
100.12.22 16:45 B X:\public_html\images\banner-links.gif --> prism.ececs.uc.edu /usr/local/htdocs/images banner-links.gif
100.12.22 16:45 B X:\public_html\images\banner-map.gif --> prism.ececs.uc.edu /usr/local/htdocs/images banner-map.gif
100.12.22 16:45 B X:\public_html\images\banner-memsatuc1.gif --> prism.ececs.uc.edu /usr/local/htdocs/images banner-memsatuc1.gif
100.12.22 16:45 B X:\public_html\images\banner-memsatuc2.gif --> prism.ececs.uc.edu /usr/local/htdocs/images banner-memsatuc2.gif
100.12.22 16:45 B X:\public_html\images\banner-MEMSearch.gif --> prism.ececs.uc.edu /usr/local/htdocs/images banner-MEMSearch.gif
100.12.22 16:45 B X:\public_html\images\banner-people.gif --> prism.ececs.uc.edu /usr/local/htdocs/images banner-people.gif
100.12.22 16:45 B X:\public_html\images\banner-publications.gif --> prism.ececs.uc.edu /usr/local/htdocs/images banner-publications.gif
100.12.22 16:45 B X:\public_html\images\banner-research.gif --> prism.ececs.uc.edu /usr/local/htdocs/images banner-research.gif
100.12.22 16:45 B X:\public_html\images\banner-searchresults.gif --> prism.ececs.uc.edu /usr/local/htdocs/images banner-searchresults.gif
100.12.22 16:45 B X:\public_html\images\banner-sponsors.gif --> prism.ececs.uc.edu /usr/local/htdocs/images banner-sponsors.gif
100.12.22 16:45 B X:\public_html\images\bar-eSoHocomSites.gif --> prism.ececs.uc.edu /usr/local/htdocs/images bar-eSoHocomSites.gif
100.12.22 16:45 B X:\public_html\images\bar-MEMSatUCSites.gif --> prism.ececs.uc.edu /usr/local/htdocs/images bar-MEMSatUCSites.gif
100.12.22 16:45 B X:\public_html\images\bar-MEMSatUCSites24.gif --> prism.ececs.uc.edu /usr/local/htdocs/images bar-MEMSatUCSites24.gif
100.12.22 16:45 B X:\public_html\images\bar-MiSSyLSites.gif --> prism.ececs.uc.edu /usr/local/htdocs/images bar-MiSSyLSites.gif
100.12.22 16:45 B X:\public_html\images\bar-whatsnew.gif --> prism.ececs.uc.edu /usr/local/htdocs/images bar-whatsnew.gif
100.12.22 16:45 B X:\public_html\images\bar-whatsnew2.gif --> prism.ececs.uc.edu /usr/local/htdocs/images bar-whatsnew2.gif
100.12.22 16:45 B X:\public_html\images\bar-whatsnew3.gif --> prism.ececs.uc.edu /usr/local/htdocs/images bar-whatsnew3.gif
100.12.22 16:45 B X:\public_html\images\bi_directional.jpg --> prism.ececs.uc.edu /usr/local/htdocs/images bi_directional.jpg
100.12.22 16:45 B X:\public_html\images\blank.gif --> prism.ececs.uc.edu /usr/local/htdocs/images blank.gif
100.12.22 16:45 B X:\public_html\images\cellcolor.gif --> prism.ececs.uc.edu /usr/local/htdocs/images cellcolor.gif
100.12.22 16:45 B X:\public_html\images\chos_lab.jpg --> prism.ececs.uc.edu /usr/local/htdocs/images chos_lab.jpg
100.12.22 16:45 B X:\public_html\images\cmsmmems.gif --> prism.ececs.uc.edu /usr/local/htdocs/images cmsmmems.gif
100.12.22 16:45 B X:\public_html\images\cover_t.gif --> prism.ececs.uc.edu /usr/local/htdocs/images cover_t.gif
100.12.22 16:45 B X:\public_html\images\dan_face.jpg --> prism.ececs.uc.edu /usr/local/htdocs/images dan_face.jpg
100.12.22 16:45 B X:\public_html\images\dapa_scheme.gif --> prism.ececs.uc.edu /usr/local/htdocs/images dapa_scheme.gif
100.12.22 16:45 B X:\public_html\images\dot_paper.gif --> prism.ececs.uc.edu /usr/local/htdocs/images dot_paper.gif
100.12.22 16:45 B X:\public_html\images\dot_slide_1.gif --> prism.ececs.uc.edu /usr/local/htdocs/images dot_slide_1.gif
100.12.22 16:45 B X:\public_html\images\dot_slide_2.gif --> prism.ececs.uc.edu /usr/local/htdocs/images dot_slide_2.gif
100.12.22 16:45 B X:\public_html\images\forlinkexcahnge468x60.gif --> prism.ececs.uc.edu /usr/local/htdocs/images forlinkexcahnge468x60.gif
100.12.22 16:45 B X:\public_html\images\hcho.gif --> prism.ececs.uc.edu /usr/local/htdocs/images hcho.gif
100.12.22 16:45 B X:\public_html\images\hline400x3.gif --> prism.ececs.uc.edu /usr/local/htdocs/images hline400x3.gif
100.12.22 16:45 B X:\public_html\images\index.html --> prism.ececs.uc.edu /usr/local/htdocs/images index.html
100.12.22 16:45 B X:\public_html\images\index2.html --> prism.ececs.uc.edu /usr/local/htdocs/images index2.html
100.12.22 16:45 B X:\public_html\images\itshcho.jpg --> prism.ececs.uc.edu /usr/local/htdocs/images itshcho.jpg
100.12.22 16:45 B X:\public_html\images\job.gif --> prism.ececs.uc.edu /usr/local/htdocs/images job.gif
100.12.22 16:45 B X:\public_html\images\kwangoh.gif --> prism.ececs.uc.edu /usr/local/htdocs/images kwangoh.gif
100.12.22 16:45 B X:\public_html\images\magnet_arrays.jpg --> prism.ececs.uc.edu /usr/local/htdocs/images magnet_arrays.jpg
100.12.22 16:45 B X:\public_html\images\mainslide.gif --> prism.ececs.uc.edu /usr/local/htdocs/images mainslide.gif
100.12.22 16:45 B X:\public_html\images\memsatuc468x60.gif --> prism.ececs.uc.edu /usr/local/htdocs/images memsatuc468x60.gif
100.12.22 16:45 B X:\public_html\images\mf_call.gif --> prism.ececs.uc.edu /usr/local/htdocs/images mf_call.gif
100.12.22 16:45 B X:\public_html\images\MiSSyL.gif --> prism.ececs.uc.edu /usr/local/htdocs/images MiSSyL.gif
100.12.22 16:45 B X:\public_html\images\msms.psd --> prism.ececs.uc.edu /usr/local/htdocs/images msms.psd
100.12.22 16:45 B X:\public_html\images\Ni_tool.jpg --> prism.ececs.uc.edu /usr/local/htdocs/images Ni_tool.jpg
100.12.22 16:45 B X:\public_html\images\pdficons.gif --> prism.ececs.uc.edu /usr/local/htdocs/images pdficons.gif
100.12.22 16:45 B X:\public_html\images\plastic_embosed.jpg --> prism.ececs.uc.edu /usr/local/htdocs/images plastic_embosed.jpg
100.12.22 16:45 B X:\public_html\images\plate.gif --> prism.ececs.uc.edu /usr/local/htdocs/images plate.gif
100.12.22 16:45 B X:\public_html\images\rand_.gif --> prism.ececs.uc.edu /usr/local/htdocs/images rand_.gif
100.12.22 16:45 B X:\public_html\images\s-conimnp.gif --> prism.ececs.uc.edu /usr/local/htdocs/images s-conimnp.gif
100.12.22 16:45 B X:\public_html\images\s-electromagnet.gif --> prism.ececs.uc.edu /usr/local/htdocs/images s-electromagnet.gif
100.12.22 16:45 B X:\public_html\images\s-microvalve.gif --> prism.ececs.uc.edu /usr/local/htdocs/images s-microvalve.gif
100.12.22 16:45 B X:\public_html\images\s-motherboard.gif --> prism.ececs.uc.edu /usr/local/htdocs/images s-motherboard.gif
100.12.22 16:45 B X:\public_html\images\s-sampling.gif --> prism.ececs.uc.edu /usr/local/htdocs/images s-sampling.gif
100.12.22 16:45 B X:\public_html\images\s-system.gif --> prism.ececs.uc.edu /usr/local/htdocs/images s-system.gif
100.12.22 16:45 B X:\public_html\images\search.gif --> prism.ececs.uc.edu /usr/local/htdocs/images search.gif
100.12.22 16:45 B X:\public_html\images\siyengar.gif --> prism.ececs.uc.edu /usr/local/htdocs/images siyengar.gif
100.12.22 16:45 B X:\public_html\images\slee.jpg --> prism.ececs.uc.edu /usr/local/htdocs/images slee.jpg
100.12.22 16:45 B X:\public_html\images\tab.gif --> prism.ececs.uc.edu /usr/local/htdocs/images tab.gif
100.12.22 16:45 B X:\public_html\images\test.gif --> prism.ececs.uc.edu /usr/local/htdocs/images test.gif
100.12.22 16:45 B X:\public_html\images\tml.gif --> prism.ececs.uc.edu /usr/local/htdocs/images tml.gif
100.12.22 16:45 B X:\public_html\images\ucmap1.jpg --> prism.ececs.uc.edu /usr/local/htdocs/images ucmap1.jpg
100.12.22 16:45 B X:\public_html\images\underfab.gif --> prism.ececs.uc.edu /usr/local/htdocs/images underfab.gif
100.12.22 16:45 B X:\public_html\images\underfab.jpg --> prism.ececs.uc.edu /usr/local/htdocs/images underfab.jpg
100.12.22 16:45 B X:\public_html\images\word-icon.gif --> prism.ececs.uc.edu /usr/local/htdocs/images word-icon.gif
100.12.29 11:22 B C:\Temp\images\WS_FTP.LOG <-- prism.ececs.uc.edu /export/home3/cahn/public_html/images WS_FTP.LOG
100.12.29 11:22 B C:\Temp\images\yasser.gif <-- prism.ececs.uc.edu /export/home3/cahn/public_html/images yasser.gif
100.12.29 11:22 B C:\Temp\images\YI_CW.jpg <-- prism.ececs.uc.edu /export/home3/cahn/public_html/images YI_CW.jpg
100.12.29 11:24 B C:\Temp\images\ahan.gif --> prism.ececs.uc.edu /usr/local/htdocs/images ahan.gif
100.12.29 11:24 B C:\Temp\images\ahn.gif --> prism.ececs.uc.edu /usr/local/htdocs/images ahn.gif
100.12.29 11:24 B C:\Temp\images\ahn_150.jpg --> prism.ececs.uc.edu /usr/local/htdocs/images ahn_150.jpg
100.12.29 11:24 B C:\Temp\images\ahn_70.jpg --> prism.ececs.uc.edu /usr/local/htdocs/images ahn_70.jpg
100.12.29 11:24 B C:\Temp\images\ahn_80.jpg --> prism.ececs.uc.edu /usr/local/htdocs/images ahn_80.jpg
100.12.29 11:24 B C:\Temp\images\atuc.gif --> prism.ececs.uc.edu /usr/local/htdocs/images atuc.gif
100.12.29 11:24 B C:\Temp\images\banner-callforpapers.gif --> prism.ececs.uc.edu /usr/local/htdocs/images banner-callforpapers.gif
100.12.29 11:24 B C:\Temp\images\banner-links.gif --> prism.ececs.uc.edu /usr/local/htdocs/images banner-links.gif
100.12.29 11:24 B C:\Temp\images\banner-map.gif --> prism.ececs.uc.edu /usr/local/htdocs/images banner-map.gif
100.12.29 11:24 B C:\Temp\images\banner-memsatuc1.gif --> prism.ececs.uc.edu /usr/local/htdocs/images banner-memsatuc1.gif
100.12.29 11:24 B C:\Temp\images\banner-memsatuc2.gif --> prism.ececs.uc.edu /usr/local/htdocs/images banner-memsatuc2.gif
100.12.29 11:24 B C:\Temp\images\banner-MEMSearch.gif --> prism.ececs.uc.edu /usr/local/htdocs/images banner-MEMSearch.gif
100.12.29 11:24 B C:\Temp\images\banner-people.gif --> prism.ececs.uc.edu /usr/local/htdocs/images banner-people.gif
100.12.29 11:24 B C:\Temp\images\banner-publications.gif --> prism.ececs.uc.edu /usr/local/htdocs/images banner-publications.gif
100.12.29 11:24 B C:\Temp\images\banner-research.gif --> prism.ececs.uc.edu /usr/local/htdocs/images banner-research.gif
100.12.29 11:24 B C:\Temp\images\banner-searchresults.gif --> prism.ececs.uc.edu /usr/local/htdocs/images banner-searchresults.gif
100.12.29 11:24 B C:\Temp\images\banner-sponsors.gif --> prism.ececs.uc.edu /usr/local/htdocs/images banner-sponsors.gif
100.12.29 11:24 B C:\Temp\images\bar-eSoHocomSites.gif --> prism.ececs.uc.edu /usr/local/htdocs/images bar-eSoHocomSites.gif
100.12.29 11:24 B C:\Temp\images\bar-MEMSatUCSites.gif --> prism.ececs.uc.edu /usr/local/htdocs/images bar-MEMSatUCSites.gif
100.12.29 11:24 B C:\Temp\images\bar-MEMSatUCSites24.gif --> prism.ececs.uc.edu /usr/local/htdocs/images bar-MEMSatUCSites24.gif
100.12.29 11:24 B C:\Temp\images\bar-MiSSyLSites.gif --> prism.ececs.uc.edu /usr/local/htdocs/images bar-MiSSyLSites.gif
100.12.29 11:24 B C:\Temp\images\bar-whatsnew.gif --> prism.ececs.uc.edu /usr/local/htdocs/images bar-whatsnew.gif
100.12.29 11:24 B C:\Temp\images\bar-whatsnew2.gif --> prism.ececs.uc.edu /usr/local/htdocs/images bar-whatsnew2.gif
100.12.29 11:24 B C:\Temp\images\bar-whatsnew3.gif --> prism.ececs.uc.edu /usr/local/htdocs/images bar-whatsnew3.gif
100.12.29 11:24 B C:\Temp\images\bi_directional.jpg --> prism.ececs.uc.edu /usr/local/htdocs/images bi_directional.jpg
100.12.29 11:24 B C:\Temp\images\blank.gif --> prism.ececs.uc.edu /usr/local/htdocs/images blank.gif
100.12.29 11:24 B C:\Temp\images\cellcolor.gif --> prism.ececs.uc.edu /usr/local/htdocs/images cellcolor.gif
100.12.29 11:24 B C:\Temp\images\chos_lab.jpg --> prism.ececs.uc.edu /usr/local/htdocs/images chos_lab.jpg
100.12.29 11:24 B C:\Temp\images\chuan.jpg --> prism.ececs.uc.edu /usr/local/htdocs/images chuan.jpg
100.12.29 11:24 B C:\Temp\images\cmsmmems.gif --> prism.ececs.uc.edu /usr/local/htdocs/images cmsmmems.gif
100.12.29 11:24 B C:\Temp\images\cover_t.gif --> prism.ececs.uc.edu /usr/local/htdocs/images cover_t.gif
100.12.29 11:24 B C:\Temp\images\dan_face.jpg --> prism.ececs.uc.edu /usr/local/htdocs/images dan_face.jpg
100.12.29 11:24 B C:\Temp\images\dapa_scheme.gif --> prism.ececs.uc.edu /usr/local/htdocs/images dapa_scheme.gif
100.12.29 11:24 B C:\Temp\images\dot_paper.gif --> prism.ececs.uc.edu /usr/local/htdocs/images dot_paper.gif
100.12.29 11:24 B C:\Temp\images\dot_slide_1.gif --> prism.ececs.uc.edu /usr/local/htdocs/images dot_slide_1.gif
100.12.29 11:24 B C:\Temp\images\dot_slide_2.gif --> prism.ececs.uc.edu /usr/local/htdocs/images dot_slide_2.gif
100.12.29 11:24 B C:\Temp\images\forlinkexcahnge468x60.gif --> prism.ececs.uc.edu /usr/local/htdocs/images forlinkexcahnge468x60.gif
100.12.29 11:24 B C:\Temp\images\hcho.gif --> prism.ececs.uc.edu /usr/local/htdocs/images hcho.gif
100.12.29 11:24 B C:\Temp\images\hline400x3.gif --> prism.ececs.uc.edu /usr/local/htdocs/images hline400x3.gif
100.12.29 11:24 B C:\Temp\images\index.html --> prism.ececs.uc.edu /usr/local/htdocs/images index.html
100.12.29 11:24 B C:\Temp\images\index2.html --> prism.ececs.uc.edu /usr/local/htdocs/images index2.html
100.12.29 11:24 B C:\Temp\images\itshcho.jpg --> prism.ececs.uc.edu /usr/local/htdocs/images itshcho.jpg
100.12.29 11:24 B C:\Temp\images\jchoi.jpg --> prism.ececs.uc.edu /usr/local/htdocs/images jchoi.jpg
100.12.29 11:24 B C:\Temp\images\jeff_photo.jpg --> prism.ececs.uc.edu /usr/local/htdocs/images jeff_photo.jpg
100.12.29 11:24 B C:\Temp\images\job.gif --> prism.ececs.uc.edu /usr/local/htdocs/images job.gif
100.12.29 11:24 B C:\Temp\images\kwangoh.gif --> prism.ececs.uc.edu /usr/local/htdocs/images kwangoh.gif
100.12.29 11:24 B C:\Temp\images\magnet_arrays.jpg --> prism.ececs.uc.edu /usr/local/htdocs/images magnet_arrays.jpg
100.12.29 11:24 B C:\Temp\images\mainslide.gif --> prism.ececs.uc.edu /usr/local/htdocs/images mainslide.gif
100.12.29 11:24 B C:\Temp\images\memsatuc468x60.gif --> prism.ececs.uc.edu /usr/local/htdocs/images memsatuc468x60.gif
100.12.29 11:24 B C:\Temp\images\mf_call.gif --> prism.ececs.uc.edu /usr/local/htdocs/images mf_call.gif
100.12.29 11:24 B C:\Temp\images\MiSSyL.gif --> prism.ececs.uc.edu /usr/local/htdocs/images MiSSyL.gif
100.12.29 11:24 B C:\Temp\images\msms.psd --> prism.ececs.uc.edu /usr/local/htdocs/images msms.psd
100.12.29 11:24 B C:\Temp\images\Ni_tool.jpg --> prism.ececs.uc.edu /usr/local/htdocs/images Ni_tool.jpg
100.12.29 11:24 B C:\Temp\images\pdficons.gif --> prism.ececs.uc.edu /usr/local/htdocs/images pdficons.gif
100.12.29 11:24 B C:\Temp\images\plastic_embosed.jpg --> prism.ececs.uc.edu /usr/local/htdocs/images plastic_embosed.jpg
100.12.29 11:24 B C:\Temp\images\plate.gif --> prism.ececs.uc.edu /usr/local/htdocs/images plate.gif
100.12.29 11:24 B C:\Temp\images\rand_.gif --> prism.ececs.uc.edu /usr/local/htdocs/images rand_.gif
100.12.29 11:24 B C:\Temp\images\rcole.jpg --> prism.ececs.uc.edu /usr/local/htdocs/images rcole.jpg
100.12.29 11:24 B C:\Temp\images\s-conimnp.gif --> prism.ececs.uc.edu /usr/local/htdocs/images s-conimnp.gif
100.12.29 11:24 B C:\Temp\images\s-electromagnet.gif --> prism.ececs.uc.edu /usr/local/htdocs/images s-electromagnet.gif
100.12.29 11:24 B C:\Temp\images\s-microvalve.gif --> prism.ececs.uc.edu /usr/local/htdocs/images s-microvalve.gif
100.12.29 11:24 B C:\Temp\images\s-motherboard.gif --> prism.ececs.uc.edu /usr/local/htdocs/images s-motherboard.gif
100.12.29 11:24 B C:\Temp\images\s-sampling.gif --> prism.ececs.uc.edu /usr/local/htdocs/images s-sampling.gif
100.12.29 11:24 B C:\Temp\images\s-system.gif --> prism.ececs.uc.edu /usr/local/htdocs/images s-system.gif
100.12.29 11:24 B C:\Temp\images\search.gif --> prism.ececs.uc.edu /usr/local/htdocs/images search.gif
100.12.29 11:24 B C:\Temp\images\siyengar.gif --> prism.ececs.uc.edu /usr/local/htdocs/images siyengar.gif
100.12.29 11:24 B C:\Temp\images\slee.jpg --> prism.ececs.uc.edu /usr/local/htdocs/images slee.jpg
100.12.29 11:24 B C:\Temp\images\tab.gif --> prism.ececs.uc.edu /usr/local/htdocs/images tab.gif
100.12.29 11:24 B C:\Temp\images\test.gif --> prism.ececs.uc.edu /usr/local/htdocs/images test.gif
100.12.29 11:24 B C:\Temp\images\tml.gif --> prism.ececs.uc.edu /usr/local/htdocs/images tml.gif
100.12.29 11:24 B C:\Temp\images\ucmap1.jpg --> prism.ececs.uc.edu /usr/local/htdocs/images ucmap1.jpg
100.12.29 11:24 B C:\Temp\images\underfab.gif --> prism.ececs.uc.edu /usr/local/htdocs/images underfab.gif
100.12.29 11:24 B C:\Temp\images\underfab.jpg --> prism.ececs.uc.edu /usr/local/htdocs/images underfab.jpg
100.12.29 11:24 B C:\Temp\images\word-icon.gif --> prism.ececs.uc.edu /usr/local/htdocs/images word-icon.gif
