99.06.03 02:32 B C:\HomePage\MiSSyL\people\cellcolor.gif --> www.mems.uc.edu /export/local/www/apache_1.3.6/htdocs/missyl/people cellcolor.gif
99.06.03 02:32 B C:\HomePage\MiSSyL\people\index.html --> www.mems.uc.edu /export/local/www/apache_1.3.6/htdocs/missyl/people index.html
99.06.03 02:32 B C:\HomePage\MiSSyL\people\tab.gif --> www.mems.uc.edu /export/local/www/apache_1.3.6/htdocs/missyl/people tab.gif
99.06.03 02:35 B C:\HomePage\MiSSyL\people\index.html --> www.mems.uc.edu /export/local/www/apache_1.3.6/htdocs/missyl/people index.html
99.06.03 02:51 B C:\HomePage\MiSSyL\people\index.html --> www.mems.uc.edu /export/local/www/apache_1.3.6/htdocs/missyl/people index.html
99.06.03 02:54 B C:\HomePage\MiSSyL\people\index.html --> www.mems.uc.edu /export/local/www/apache_1.3.6/htdocs/missyl/people index.html
99.06.03 02:58 B C:\HomePage\MiSSyL\people\index.html --> www.mems.uc.edu /export/local/www/apache_1.3.6/htdocs/missyl/people index.html
99.06.03 02:58 B C:\HomePage\MiSSyL\people\index.html --> www.mems.uc.edu /export/local/www/apache_1.3.6/htdocs/missyl/people index.html
99.06.03 03:00 B C:\HomePage\MiSSyL\people\index.html --> www.mems.uc.edu /export/local/www/apache_1.3.6/htdocs/missyl/people index.html
99.06.03 03:00 B C:\HomePage\MiSSyL\people\index.html --> www.mems.uc.edu /export/local/www/apache_1.3.6/htdocs/missyl/people index.html
99.06.03 03:07 B C:\HomePage\MiSSyL\people\index.html --> www.mems.uc.edu /export/local/www/apache_1.3.6/htdocs/missyl/people index.html
99.06.03 03:10 B C:\HomePage\MiSSyL\people\index.html --> www.mems.uc.edu /export/local/www/apache_1.3.6/htdocs/missyl/people index.html
99.06.03 03:11 B C:\HomePage\MiSSyL\people\index.html --> www.mems.uc.edu /export/local/www/apache_1.3.6/htdocs/missyl/people index.html
99.06.03 03:14 B C:\HomePage\MiSSyL\people\index.html --> www.mems.uc.edu /export/local/www/apache_1.3.6/htdocs/missyl/people index.html
99.06.03 03:17 B C:\HomePage\MiSSyL\people\index.html --> www.mems.uc.edu /export/local/www/apache_1.3.6/htdocs/missyl/people index.html
99.06.03 03:20 B C:\HomePage\MiSSyL\people\index.html --> www.mems.uc.edu /export/local/www/apache_1.3.6/htdocs/missyl/people index.html
99.06.03 23:02 B C:\HomePage\MiSSyL\people\cellcolor.gif --> www.mems.uc.edu /export/home3/cahn/public_html/people cellcolor.gif
99.06.03 23:02 B C:\HomePage\MiSSyL\people\index.html --> www.mems.uc.edu /export/home3/cahn/public_html/people index.html
99.06.03 23:02 B C:\HomePage\MiSSyL\people\tab.gif --> www.mems.uc.edu /export/home3/cahn/public_html/people tab.gif
99.06.05 00:27 B C:\HomePage\msms\people\WS_FTP.LOG <-- cahn@www.mems.uc.edu /export/home3/cahn/public_html/people WS_FTP.LOG
99.06.05 02:10 B C:\HomePage\msms\people\index.html --> www.mems.uc.edu /export/home3/cahn/public_html/people index.html
99.06.05 19:14 B C:\HomePage\msms\people\index.html --> www.mems.uc.edu /export/home3/cahn/public_html/people index.html
99.06.05 19:17 B C:\HomePage\msms\people\index.html --> www.mems.uc.edu /export/home3/cahn/public_html/people index.html
99.06.05 19:17 B C:\HomePage\msms\people\cahn.html --> www.mems.uc.edu /export/home3/cahn/public_html/people cahn.html
99.06.05 19:47 B C:\HomePage\msms\people\index.html --> www.mems.uc.edu /export/home3/cahn/public_html/people index.html
99.06.05 19:47 B C:\HomePage\msms\people\cahn.html --> www.mems.uc.edu /export/home3/cahn/public_html/people cahn.html
99.06.05 20:06 B C:\HomePage\msms\people\cahn.html --> www.mems.uc.edu /export/home3/cahn/public_html/people cahn.html
99.06.05 20:16 B C:\HomePage\msms\people\cahn.html --> www.mems.uc.edu /export/home3/cahn/public_html/people cahn.html
99.06.05 20:17 B C:\HomePage\msms\people\cahn.html --> www.mems.uc.edu /export/home3/cahn/public_html/people cahn.html
99.06.05 20:56 B C:\HomePage\msms\people\Yasser1.doc <-- 129.137.11.46 /home2/koh/msms Yasser1.doc
99.06.05 20:58 B C:\HomePage\msms\people\Yasser1.txt <-- 129.137.11.46 /home2/koh/msms Yasser1.txt
99.06.05 20:58 B C:\HomePage\msms\people\Yaseer.bmp <-- 129.137.11.46 /home2/koh/msms Yaseer.bmp
99.06.05 21:38 B C:\HomePage\msms\people\yabdelaziez.html --> www.mems.uc.edu /export/home3/cahn/public_html/people yabdelaziez.html
99.06.05 21:40 B C:\HomePage\msms\people\index.html --> www.mems.uc.edu /export/home3/cahn/public_html/people index.html
99.06.05 21:42 B C:\HomePage\msms\people\index.html --> www.mems.uc.edu /export/home3/cahn/public_html/people index.html
99.06.05 21:48 B C:\HomePage\msms\people\yasser.html --> www.mems.uc.edu /export/home3/cahn/public_html/people yasser.html
99.06.05 21:48 B C:\HomePage\msms\people\tml.html --> www.mems.uc.edu /export/home3/cahn/public_html/people tml.html
99.06.05 21:57 B C:\HomePage\msms\people\index.html --> www.mems.uc.edu /export/home3/cahn/public_html/people index.html
99.06.05 22:01 B C:\HomePage\msms\people\tml.html --> www.mems.uc.edu /export/home3/cahn/public_html/people tml.html
99.06.05 22:01 B C:\HomePage\msms\people\index.html --> www.mems.uc.edu /export/home3/cahn/public_html/people index.html
99.06.05 22:37 B C:\HomePage\msms\people\kwangoh.html --> www.mems.uc.edu /export/home3/cahn/public_html/people kwangoh.html
99.06.05 22:38 B C:\HomePage\msms\people\index.html --> www.mems.uc.edu /export/home3/cahn/public_html/people index.html
99.06.05 22:39 B C:\HomePage\msms\people\kwangoh.html --> www.mems.uc.edu /export/home3/cahn/public_html/people kwangoh.html
99.06.05 22:42 B C:\HomePage\msms\people\kwangoh.html --> www.mems.uc.edu /export/home3/cahn/public_html/people kwangoh.html
99.06.05 22:52 B C:\HomePage\msms\people\index.html --> www.mems.uc.edu /export/home3/cahn/public_html/people index.html
99.06.06 00:28 B C:\HomePage\msms\people\cahn.html --> www.mems.uc.edu /export/home3/cahn/public_html/people cahn.html
99.06.06 00:28 B C:\HomePage\msms\people\cellcolor.gif --> www.mems.uc.edu /export/home3/cahn/public_html/people cellcolor.gif
99.06.06 00:28 B C:\HomePage\msms\people\index.html --> www.mems.uc.edu /export/home3/cahn/public_html/people index.html
99.06.06 00:28 B C:\HomePage\msms\people\kwangoh.html --> www.mems.uc.edu /export/home3/cahn/public_html/people kwangoh.html
99.06.06 00:28 B C:\HomePage\msms\people\pdficons.gif --> www.mems.uc.edu /export/home3/cahn/public_html/people pdficons.gif
99.06.06 00:28 B C:\HomePage\msms\people\tab.gif --> www.mems.uc.edu /export/home3/cahn/public_html/people tab.gif
99.06.06 00:28 B C:\HomePage\msms\people\tml.html --> www.mems.uc.edu /export/home3/cahn/public_html/people tml.html
99.06.06 00:28 B C:\HomePage\msms\people\WS_FTP.LOG --> www.mems.uc.edu /export/home3/cahn/public_html/people WS_FTP.LOG
99.06.06 00:28 B C:\HomePage\msms\people\yasser.html --> www.mems.uc.edu /export/home3/cahn/public_html/people yasser.html
99.06.06 00:36 B C:\HomePage\msms\people\cahn.html --> www.mems.uc.edu /export/home3/cahn/public_html/people cahn.html
99.06.06 00:36 B C:\HomePage\msms\people\cellcolor.gif --> www.mems.uc.edu /export/home3/cahn/public_html/people cellcolor.gif
99.06.06 00:36 B C:\HomePage\msms\people\index.html --> www.mems.uc.edu /export/home3/cahn/public_html/people index.html
99.06.06 00:36 B C:\HomePage\msms\people\kwangoh.html --> www.mems.uc.edu /export/home3/cahn/public_html/people kwangoh.html
99.06.06 00:36 B C:\HomePage\msms\people\pdficons.gif --> www.mems.uc.edu /export/home3/cahn/public_html/people pdficons.gif
99.06.06 00:36 B C:\HomePage\msms\people\tab.gif --> www.mems.uc.edu /export/home3/cahn/public_html/people tab.gif
99.06.06 00:36 B C:\HomePage\msms\people\tml.html --> www.mems.uc.edu /export/home3/cahn/public_html/people tml.html
99.06.06 00:36 B C:\HomePage\msms\people\WS_FTP.LOG --> www.mems.uc.edu /export/home3/cahn/public_html/people WS_FTP.LOG
99.06.06 00:36 B C:\HomePage\msms\people\yasser.html --> www.mems.uc.edu /export/home3/cahn/public_html/people yasser.html
99.06.06 00:43 B C:\HomePage\msms\people\yasser.html --> www.mems.uc.edu /export/home3/cahn/public_html/people yasser.html
99.06.06 00:44 B C:\HomePage\msms\people\yasser.html --> www.mems.uc.edu /export/home3/cahn/public_html/people yasser.html
99.06.06 00:45 B C:\HomePage\msms\people\yasser.html --> www.mems.uc.edu /export/home3/cahn/public_html/people yasser.html
99.06.06 18:28 B C:\HomePage\msms\people\cahn.html --> www.mems.uc.edu /export/home3/cahn/public_html/people cahn.html
99.06.06 18:28 B C:\HomePage\msms\people\cellcolor.gif --> www.mems.uc.edu /export/home3/cahn/public_html/people cellcolor.gif
99.06.06 18:28 B C:\HomePage\msms\people\index.html --> www.mems.uc.edu /export/home3/cahn/public_html/people index.html
99.06.06 18:28 B C:\HomePage\msms\people\kwangoh.html --> www.mems.uc.edu /export/home3/cahn/public_html/people kwangoh.html
99.06.06 18:28 B C:\HomePage\msms\people\pdficons.gif --> www.mems.uc.edu /export/home3/cahn/public_html/people pdficons.gif
99.06.06 18:28 B C:\HomePage\msms\people\tab.gif --> www.mems.uc.edu /export/home3/cahn/public_html/people tab.gif
99.06.06 18:28 B C:\HomePage\msms\people\tml.html --> www.mems.uc.edu /export/home3/cahn/public_html/people tml.html
99.06.22 18:00 B X:\msms\people\WS_FTP.LOG <-- cahn@www.mems.uc.edu /export/home3/cahn/public_html/people WS_FTP.LOG
99.06.22 18:00 B X:\msms\people\yasser.html <-- cahn@www.mems.uc.edu /export/home3/cahn/public_html/people yasser.html
99.06.23 18:25 A X:\msms\people\hcho.html <-- cahn@www.mems.uc.edu /export/home3/cahn/public_html/people hcho.html
99.06.23 18:26 A X:\msms\people\hcho.html --> www.mems.uc.edu /export/home3/cahn/public_html/people hcho.html
99.06.23 18:27 A X:\msms\people\hcho.html --> www.mems.uc.edu /export/home3/cahn/public_html/people hcho.html
99.06.25 16:41 B X:\msms\people\ahan.html --> www.mems.uc.edu /export/home3/cahn/public_html/people ahan.html
99.06.25 16:41 B X:\msms\people\cahn.html --> www.mems.uc.edu /export/home3/cahn/public_html/people cahn.html
99.06.25 16:41 B X:\msms\people\cellcolor.gif --> www.mems.uc.edu /export/home3/cahn/public_html/people cellcolor.gif
99.06.25 16:41 B X:\msms\people\hcho.html --> www.mems.uc.edu /export/home3/cahn/public_html/people hcho.html
99.06.25 16:41 B X:\msms\people\index.html --> www.mems.uc.edu /export/home3/cahn/public_html/people index.html
99.06.25 16:41 B X:\msms\people\kwangoh.html --> www.mems.uc.edu /export/home3/cahn/public_html/people kwangoh.html
99.06.25 16:41 B X:\msms\people\pdficons.gif --> www.mems.uc.edu /export/home3/cahn/public_html/people pdficons.gif
99.06.25 16:41 B X:\msms\people\siyengar.html --> www.mems.uc.edu /export/home3/cahn/public_html/people siyengar.html
99.06.25 16:41 B X:\msms\people\tab.gif --> www.mems.uc.edu /export/home3/cahn/public_html/people tab.gif
99.06.25 16:41 B X:\msms\people\tml.html --> www.mems.uc.edu /export/home3/cahn/public_html/people tml.html
100.04.25 15:15 B C:\htdocs\public_html\people\WS_FTP.LOG <-- cahn@www.mems.uc.edu /export/home3/cahn/public_html/people WS_FTP.LOG
100.04.25 15:15 B C:\htdocs\public_html\people\yasser.html <-- cahn@www.mems.uc.edu /export/home3/cahn/public_html/people yasser.html
100.04.25 19:30 B C:\htdocs\public_html\people\cahn.html --> www.mems.uc.edu /export/home3/cahn/public_html/people cahn.html
100.05.02 12:04 B C:\htdocs\public_html\people\ahan.html --> www.mems.uc.edu /export/home3/cahn/public_html/people ahan.html
100.05.02 12:04 B C:\htdocs\public_html\people\cahn.html --> www.mems.uc.edu /export/home3/cahn/public_html/people cahn.html
100.05.02 12:04 B C:\htdocs\public_html\people\cellcolor.gif --> www.mems.uc.edu /export/home3/cahn/public_html/people cellcolor.gif
100.05.02 12:04 B C:\htdocs\public_html\people\dsadler.html --> www.mems.uc.edu /export/home3/cahn/public_html/people dsadler.html
100.05.02 12:04 B C:\htdocs\public_html\people\dsadler_bu.html --> www.mems.uc.edu /export/home3/cahn/public_html/people dsadler_bu.html
100.05.02 12:04 B C:\htdocs\public_html\people\hcho.html --> www.mems.uc.edu /export/home3/cahn/public_html/people hcho.html
100.05.02 12:04 B C:\htdocs\public_html\people\index.html --> www.mems.uc.edu /export/home3/cahn/public_html/people index.html
100.05.02 12:04 B C:\htdocs\public_html\people\kwangoh.html --> www.mems.uc.edu /export/home3/cahn/public_html/people kwangoh.html
100.05.02 12:04 B C:\htdocs\public_html\people\kwangohresume.html --> www.mems.uc.edu /export/home3/cahn/public_html/people kwangohresume.html
100.05.02 12:04 B C:\htdocs\public_html\people\pdficons.gif --> www.mems.uc.edu /export/home3/cahn/public_html/people pdficons.gif
100.05.02 12:04 B C:\htdocs\public_html\people\siyengar.html --> www.mems.uc.edu /export/home3/cahn/public_html/people siyengar.html
100.05.02 12:04 B C:\htdocs\public_html\people\slee.html --> www.mems.uc.edu /export/home3/cahn/public_html/people slee.html
100.05.02 12:04 B C:\htdocs\public_html\people\tab.gif --> www.mems.uc.edu /export/home3/cahn/public_html/people tab.gif
100.05.02 12:04 B C:\htdocs\public_html\people\tml.html --> www.mems.uc.edu /export/home3/cahn/public_html/people tml.html
100.12.22 16:04 B X:\public_html\people\WS_FTP.LOG <-- www.mems.uc.edu /export/home3/cahn/public_html/people WS_FTP.LOG
100.12.22 16:04 B X:\public_html\people\yasser.html <-- www.mems.uc.edu /export/home3/cahn/public_html/people yasser.html
100.12.22 16:50 B X:\public_html\people\ahan.html --> prism.ececs.uc.edu /usr/local/htdocs/people ahan.html
100.12.22 16:50 B X:\public_html\people\cahn.html --> prism.ececs.uc.edu /usr/local/htdocs/people cahn.html
100.12.22 16:50 B X:\public_html\people\cellcolor.gif --> prism.ececs.uc.edu /usr/local/htdocs/people cellcolor.gif
100.12.22 16:50 B X:\public_html\people\dsadler.html --> prism.ececs.uc.edu /usr/local/htdocs/people dsadler.html
100.12.22 16:50 B X:\public_html\people\dsadler_bu.html --> prism.ececs.uc.edu /usr/local/htdocs/people dsadler_bu.html
100.12.22 16:50 B X:\public_html\people\hcho.html --> prism.ececs.uc.edu /usr/local/htdocs/people hcho.html
100.12.22 16:50 B X:\public_html\people\index.html --> prism.ececs.uc.edu /usr/local/htdocs/people index.html
100.12.22 16:50 B X:\public_html\people\kwangoh.html --> prism.ececs.uc.edu /usr/local/htdocs/people kwangoh.html
100.12.22 16:50 B X:\public_html\people\kwangohresume.html --> prism.ececs.uc.edu /usr/local/htdocs/people kwangohresume.html
100.12.22 16:50 B X:\public_html\people\pdficons.gif --> prism.ececs.uc.edu /usr/local/htdocs/people pdficons.gif
100.12.22 16:50 B X:\public_html\people\siyengar.html --> prism.ececs.uc.edu /usr/local/htdocs/people siyengar.html
100.12.22 16:50 B X:\public_html\people\slee.html --> prism.ececs.uc.edu /usr/local/htdocs/people slee.html
100.12.22 16:50 B X:\public_html\people\tab.gif --> prism.ececs.uc.edu /usr/local/htdocs/people tab.gif
100.12.22 16:50 B X:\public_html\people\tml.html --> prism.ececs.uc.edu /usr/local/htdocs/people tml.html
100.12.29 11:23 B C:\Temp\people\WS_FTP.LOG <-- prism.ececs.uc.edu /export/home3/cahn/public_html/people WS_FTP.LOG
100.12.29 11:23 B C:\Temp\people\yasser.html <-- prism.ececs.uc.edu /export/home3/cahn/public_html/people yasser.html
100.12.29 11:25 B C:\Temp\people\ahan.html --> prism.ececs.uc.edu /usr/local/htdocs/people ahan.html
100.12.29 11:25 B C:\Temp\people\aniruddha.html --> prism.ececs.uc.edu /usr/local/htdocs/people aniruddha.html
100.12.29 11:25 B C:\Temp\people\cahn.html --> prism.ececs.uc.edu /usr/local/htdocs/people cahn.html
100.12.29 11:25 B C:\Temp\people\cellcolor.gif --> prism.ececs.uc.edu /usr/local/htdocs/people cellcolor.gif
100.12.29 11:25 B C:\Temp\people\chuan.html --> prism.ececs.uc.edu /usr/local/htdocs/people chuan.html
100.12.29 11:25 B C:\Temp\people\dsadler.html --> prism.ececs.uc.edu /usr/local/htdocs/people dsadler.html
100.12.29 11:25 B C:\Temp\people\dsadler_bu.html --> prism.ececs.uc.edu /usr/local/htdocs/people dsadler_bu.html
100.12.29 11:25 B C:\Temp\people\hcho.html --> prism.ececs.uc.edu /usr/local/htdocs/people hcho.html
100.12.29 11:25 B C:\Temp\people\index.html --> prism.ececs.uc.edu /usr/local/htdocs/people index.html
100.12.29 11:25 B C:\Temp\people\jeff.html --> prism.ececs.uc.edu /usr/local/htdocs/people jeff.html
100.12.29 11:25 B C:\Temp\people\jinchoi.html --> prism.ececs.uc.edu /usr/local/htdocs/people jinchoi.html
100.12.29 11:25 B C:\Temp\people\kwangoh.html --> prism.ececs.uc.edu /usr/local/htdocs/people kwangoh.html
100.12.29 11:25 B C:\Temp\people\kwangohresume.html --> prism.ececs.uc.edu /usr/local/htdocs/people kwangohresume.html
100.12.29 11:25 B C:\Temp\people\pdficons.gif --> prism.ececs.uc.edu /usr/local/htdocs/people pdficons.gif
100.12.29 11:25 B C:\Temp\people\ram.html --> prism.ececs.uc.edu /usr/local/htdocs/people ram.html
100.12.29 11:25 B C:\Temp\people\red.html --> prism.ececs.uc.edu /usr/local/htdocs/people red.html
100.12.29 11:25 B C:\Temp\people\robert.html --> prism.ececs.uc.edu /usr/local/htdocs/people robert.html
100.12.29 11:25 B C:\Temp\people\shomir.html --> prism.ececs.uc.edu /usr/local/htdocs/people shomir.html
100.12.29 11:25 B C:\Temp\people\siyengar.html --> prism.ececs.uc.edu /usr/local/htdocs/people siyengar.html
100.12.29 11:25 B C:\Temp\people\slee.html --> prism.ececs.uc.edu /usr/local/htdocs/people slee.html
100.12.29 11:25 B C:\Temp\people\sreeram.html --> prism.ececs.uc.edu /usr/local/htdocs/people sreeram.html
100.12.29 11:25 B C:\Temp\people\tab.gif --> prism.ececs.uc.edu /usr/local/htdocs/people tab.gif
100.12.29 11:25 B C:\Temp\people\tml.html --> prism.ececs.uc.edu /usr/local/htdocs/people tml.html
